<?xml version="1.0" encoding="UTF-8"?>
<!-- Generated by org.testng.reporters.JUnitXMLReporter -->
<testsuite hostname="DESKTOP-3MAO3NH" ignored="2" name="Test2" tests="4" failures="0" timestamp="20 May 2020 06:39:26 GMT" time="36.022" errors="0">
  <testcase name="@BeforeClass StartUp1" time="0.0" classname="Browserfiles.Baseclass">
    <failure type="java.lang.NullPointerException">
      <![CDATA[java.lang.NullPointerException
at Browserfiles.Baseclass.StartUp1(Baseclass.java:60)
... Removed 26 stack frames]]>
    </failure>
  </testcase> <!-- @BeforeClass StartUp1 -->
  <testcase name="@AfterMethod AfterMethod_Run" time="0.0" classname="Browserfiles.Baseclass">
    <skipped/>
  </testcase> <!-- @AfterMethod AfterMethod_Run -->
  <testcase name="@AfterClass StartUp2" time="0.0" classname="Browserfiles.Baseclass">
    <skipped/>
  </testcase> <!-- @AfterClass StartUp2 -->
  <testcase name="Browseropen" time="0.301" classname="googletest.Testclass1"/>
  <testcase name="Clicking_On_Products" time="3.593" classname="googletest.Testclass1"/>
  <testcase name="Browseropen" time="0.0" classname="googletest.Testclass2">
    <skipped/>
  </testcase> <!-- Browseropen -->
  <testcase name="Clicking_On_Products" time="0.0" classname="googletest.Testclass2">
    <skipped/>
  </testcase> <!-- Clicking_On_Products -->
  <testcase name="@BeforeSuite DataSuit" time="0.0" classname="Browserfiles.Baseclass">
    <ignored/>
  </testcase> <!-- @BeforeSuite DataSuit -->
  <testcase name="@AfterSuite AfterallRun" time="0.0" classname="Browserfiles.Baseclass">
    <ignored/>
  </testcase> <!-- @AfterSuite AfterallRun -->
</testsuite> <!-- Test2 -->
