<?xml version="1.0" encoding="UTF-8"?>
<!-- Generated by org.testng.reporters.JUnitXMLReporter -->
<testsuite hostname="DESKTOP-3MAO3NH" ignored="0" name="Test" tests="2" failures="1" timestamp="20 May 2020 06:22:20 GMT" time="30.87" errors="0">
  <testcase name="Browseropen" time="0.11" classname="googletest.Testclass1"/>
  <testcase name="Clicking_On_Products" time="0.09" classname="googletest.Testclass1">
    <failure type="java.lang.AssertionError" message="expected [Service] but found [Services]">
      <![CDATA[java.lang.AssertionError: expected [Service] but found [Services]
at googlepage.OrangeHR_Home_Page.Verify_Menu_Services(OrangeHR_Home_Page.java:74)
at googletest.Testclass1.Clicking_On_Products(Testclass1.java:27)
... Removed 31 stack frames]]>
    </failure>
  </testcase> <!-- Clicking_On_Products -->
</testsuite> <!-- Test -->
