<?xml version="1.0" encoding="UTF-8"?>
<!-- Generated by org.testng.reporters.JUnitXMLReporter -->
<testsuite hostname="DESKTOP-3MAO3NH" ignored="0" name="Test" tests="2" failures="0" timestamp="17 May 2020 13:45:32 GMT" time="14.015" errors="0">
  <testcase name="@BeforeClass browser_setting" time="13.945" classname="Browserfiles.Baseclass">
    <failure type="io.github.bonigarcia.wdm.WebDriverManagerException" message="java.net.UnknownHostException: npm.taobao.org">
      <![CDATA[io.github.bonigarcia.wdm.WebDriverManagerException: java.net.UnknownHostException: npm.taobao.org
at io.github.bonigarcia.wdm.WebDriverManager.handleException(WebDriverManager.java:715)
at io.github.bonigarcia.wdm.WebDriverManager.manage(WebDriverManager.java:540)
at io.github.bonigarcia.wdm.WebDriverManager.handleException(WebDriverManager.java:712)
at io.github.bonigarcia.wdm.WebDriverManager.manage(WebDriverManager.java:540)
at io.github.bonigarcia.wdm.WebDriverManager.setup(WebDriverManager.java:260)
at UtilReport.Multibrowser2.openbr(Multibrowser2.java:24)
at Browserfiles.Baseclass.browser_setting(Baseclass.java:32)
Caused by: java.net.UnknownHostException: npm.taobao.org
at java.net.Inet6AddressImpl.lookupAllHostAddr(Native Method)
at java.net.InetAddress$2.lookupAllHostAddr(Unknown Source)
at java.net.InetAddress.getAddressesFromNameService(Unknown Source)
at java.net.InetAddress.getAllByName0(Unknown Source)
at java.net.InetAddress.getAllByName(Unknown Source)
at java.net.InetAddress.getAllByName(Unknown Source)
at org.apache.http.impl.conn.SystemDefaultDnsResolver.resolve(SystemDefaultDnsResolver.java:45)
at org.apache.http.impl.conn.DefaultHttpClientConnectionOperator.connect(DefaultHttpClientConnectionOperator.java:112)
at org.apache.http.impl.conn.PoolingHttpClientConnectionManager.connect(PoolingHttpClientConnectionManager.java:373)
at org.apache.http.impl.execchain.MainClientExec.establishRoute(MainClientExec.java:394)
at org.apache.http.impl.execchain.MainClientExec.execute(MainClientExec.java:237)
at org.apache.http.impl.execchain.ProtocolExec.execute(ProtocolExec.java:185)
at org.apache.http.impl.execchain.RetryExec.execute(RetryExec.java:89)
at org.apache.http.impl.execchain.RedirectExec.execute(RedirectExec.java:110)
at org.apache.http.impl.client.InternalHttpClient.doExecute(InternalHttpClient.java:185)
at org.apache.http.impl.client.CloseableHttpClient.execute(CloseableHttpClient.java:83)
at org.apache.http.impl.client.CloseableHttpClient.execute(CloseableHttpClient.java:108)
at io.github.bonigarcia.wdm.HttpClient.execute(HttpClient.java:159)
at io.github.bonigarcia.wdm.WebDriverManager.getDriversFromMirror(WebDriverManager.java:983)
at io.github.bonigarcia.wdm.ChromeDriverManager.getDrivers(ChromeDriverManager.java:79)
at io.github.bonigarcia.wdm.WebDriverManager.filterCandidateUrls(WebDriverManager.java:731)
at io.github.bonigarcia.wdm.WebDriverManager.manage(WebDriverManager.java:525)
... 31 more
... Removed 26 stack frames]]>
    </failure>
  </testcase> <!-- @BeforeClass browser_setting -->
  <testcase name="@AfterClass Close_setting" time="0.0" classname="Browserfiles.Baseclass">
    <skipped/>
  </testcase> <!-- @AfterClass Close_setting -->
  <testcase name="Browseropen" time="0.0" classname="googletest.Testclass1">
    <skipped/>
  </testcase> <!-- Browseropen -->
  <testcase name="Clicking_On_Products" time="0.0" classname="googletest.Testclass1">
    <skipped/>
  </testcase> <!-- Clicking_On_Products -->
</testsuite> <!-- Test -->
